The system is: Windows - 10.0.19045 - AMD64
Compiling the C compiler identification source file "CMakeCCompilerId.c" succeeded.
Compiler: D:/Visual Studio 2017/VC/Tools/MSVC/14.16.27023/bin/Hostx64/x64/cl.exe 
Build flags: 
Id flags:  

The output was:
0
用于 x64 的 Microsoft (R) C/C++ 优化编译器 19.16.27048 版
版权所有(C) Microsoft Corporation。保留所有权利。

CMakeCCompilerId.c
Microsoft (R) Incremental Linker Version 14.16.27048.0
Copyright (C) Microsoft Corporation.  All rights reserved.

/out:CMakeCCompilerId.exe 
CMakeCCompilerId.obj 


Compilation of the C compiler identification source "CMakeCCompilerId.c" produced "CMakeCCompilerId.exe"

Compilation of the C compiler identification source "CMakeCCompilerId.c" produced "CMakeCCompilerId.obj"

The C compiler identification is MSVC, found in "C:/Users/DELL/CLionProjects/learnThread/cmake-build-debug/CMakeFiles/3.25.2/CompilerIdC/CMakeCCompilerId.exe"

Compiling the CXX compiler identification source file "CMakeCXXCompilerId.cpp" succeeded.
Compiler: D:/Visual Studio 2017/VC/Tools/MSVC/14.16.27023/bin/Hostx64/x64/cl.exe 
Build flags: 
Id flags:  

The output was:
0
用于 x64 的 Microsoft (R) C/C++ 优化编译器 19.16.27048 版
版权所有(C) Microsoft Corporation。保留所有权利。

CMakeCXXCompilerId.cpp
Microsoft (R) Incremental Linker Version 14.16.27048.0
Copyright (C) Microsoft Corporation.  All rights reserved.

/out:CMakeCXXCompilerId.exe 
CMakeCXXCompilerId.obj 


Compilation of the CXX compiler identification source "CMakeCXXCompilerId.cpp" produced "CMakeCXXCompilerId.exe"

Compilation of the CXX compiler identification source "CMakeCXXCompilerId.cpp" produced "CMakeCXXCompilerId.obj"

The CXX compiler identification is MSVC, found in "C:/Users/DELL/CLionProjects/learnThread/cmake-build-debug/CMakeFiles/3.25.2/CompilerIdCXX/CMakeCXXCompilerId.exe"

Detecting C compiler ABI info compiled with the following output:
Change Dir: C:/Users/DELL/CLionProjects/learnThread/cmake-build-debug/CMakeFiles/CMakeScratch/TryCompile-dfm0b3

Run Build Command(s):D:/CLion 2023.1.4/bin/ninja/win/x64/ninja.exe cmTC_8dd71 && [1/2] Building C object CMakeFiles\cmTC_8dd71.dir\CMakeCCompilerABI.c.obj
[2/2] Linking C executable cmTC_8dd71.exe



Detecting CXX compiler ABI info compiled with the following output:
Change Dir: C:/Users/DELL/CLionProjects/learnThread/cmake-build-debug/CMakeFiles/CMakeScratch/TryCompile-5flbnm

Run Build Command(s):D:/CLion 2023.1.4/bin/ninja/win/x64/ninja.exe cmTC_4b5ff && [1/2] Building CXX object CMakeFiles\cmTC_4b5ff.dir\CMakeCXXCompilerABI.cpp.obj
[2/2] Linking CXX executable cmTC_4b5ff.exe



